<?xml version="1.0" encoding="utf-8"?><testsuites name="pytest tests"><testsuite name="pytest" errors="0" failures="0" skipped="0" tests="9" time="2.514" timestamp="2026-08-09T11:58:27.871617+00:00" hostname="agent-env-3dcec719-bbe4-4705-9858-c08b777836f2"><testcase classname="tests.test_quiet_hours_and_pwa.TestPWAAssets" name="test_manifest_json" time="0.200" /><testcase classname="tests.test_quiet_hours_and_pwa.TestQuietHours" name="test_quiet_hours_requires_auth" time="0.200" /><testcase classname="tests.test_quiet_hours_and_pwa.TestPWAAssets" name="test_service_worker" time="0.101" /><testcase classname="tests.test_quiet_hours_and_pwa.TestPWAAssets" name="test_index_html_meta" time="0.108" /><testcase classname="tests.test_quiet_hours_and_pwa.TestCoolingFromAltLocation" name="test_cooling_spots_from_two_different_places" time="0.211" /><testcase classname="tests.test_quiet_hours_and_pwa.TestQuietHours" name="test_quiet_hours_set_and_persist_on_me" time="0.926" /><testcase classname="tests.test_quiet_hours_and_pwa.TestLocationsRegression" name="test_locations_crud_still_works" time="0.446" /><testcase classname="tests.test_quiet_hours_and_pwa.TestQuietHours" name="test_quiet_hours_wraps_modulo_24" time="0.405" /><testcase classname="tests.test_quiet_hours_and_pwa.TestQuietHours" name="test_quiet_hours_invalid_payload" time="0.368" /></testsuite></testsuites>