<?xml version="1.0" encoding="utf-8"?><testsuites name="pytest tests"><testsuite name="pytest" errors="0" failures="0" skipped="0" tests="35" time="12.225" timestamp="2026-08-09T11:48:28.763295+00:00" hostname="agent-env-3dcec719-bbe4-4705-9858-c08b777836f2"><testcase classname="tests.heatshield_backend_test.TestHealthAndNEA" name="test_root" time="0.138" /><testcase classname="tests.test_locations_and_push.TestWebPush" name="test_vapid_public_key" time="0.133" /><testcase classname="tests.test_locations_and_push.TestWebPush" name="test_subscribe_requires_auth" time="0.092" /><testcase classname="tests.heatshield_backend_test.TestHealthAndNEA" name="test_conditions_singapore" time="0.097" /><testcase classname="tests.test_locations_and_push.TestWebPush" name="test_test_push_requires_auth" time="0.091" /><testcase classname="tests.heatshield_backend_test.TestHealthAndNEA" name="test_map_wbgt" time="0.095" /><testcase classname="tests.heatshield_backend_test.TestHealthAndNEA" name="test_map_rainfall" time="0.305" /><testcase classname="tests.heatshield_backend_test.TestHealthAndNEA" name="test_forecast" time="0.097" /><testcase classname="tests.test_locations_and_push.TestWebPush" name="test_test_push_without_subscription_returns_400" time="0.364" /><testcase classname="tests.heatshield_backend_test.TestAuth" name="test_me_unauthenticated" time="0.280" /><testcase classname="tests.test_locations_and_push.TestWebPush" name="test_subscribe_then_test_and_unsubscribe" time="1.138" /><testcase classname="tests.heatshield_backend_test.TestAuth" name="test_login_wrong_password" time="0.353" /><testcase classname="tests.heatshield_backend_test.TestAuth" name="test_admin_login_and_me" time="0.409" /><testcase classname="tests.heatshield_backend_test.TestAuth" name="test_register_and_flow" time="0.755" /><testcase classname="tests.test_locations_and_push.TestWebPush" name="test_threshold_update_and_persistence" time="0.810" /><testcase classname="tests.heatshield_backend_test.TestAuth" name="test_register_duplicate" time="0.384" /><testcase classname="tests.test_locations_and_push.TestWebPush" name="test_threshold_requires_auth" time="0.244" /><testcase classname="tests.heatshield_backend_test.TestEmergencyPublic" name="test_symptom_list" time="0.096" /><testcase classname="tests.heatshield_backend_test.TestCooling" name="test_cooling_spots" time="0.094" /><testcase classname="tests.heatshield_backend_test.TestEmergencyPublic" name="test_symptom_check_heatstroke" time="0.098" /><testcase classname="tests.heatshield_backend_test.TestCooling" name="test_cooling_all" time="0.094" /><testcase classname="tests.heatshield_backend_test.TestEmergencyPublic" name="test_symptom_check_exhaustion" time="0.091" /><testcase classname="tests.heatshield_backend_test.TestCooling" name="test_cooling_route" time="0.092" /><testcase classname="tests.heatshield_backend_test.TestEmergencyPublic" name="test_checklists" time="0.102" /><testcase classname="tests.heatshield_backend_test.TestCooling" name="test_cooling_route_not_found" time="0.134" /><testcase classname="tests.test_locations_and_push.TestSavedLocations" name="test_locations_requires_auth" time="0.274" /><testcase classname="tests.heatshield_backend_test.TestAI" name="test_recommendations_real_llm" time="5.849" /><testcase classname="tests.test_locations_and_push.TestSavedLocations" name="test_locations_full_crud" time="0.693" /><testcase classname="tests.test_locations_and_push.TestSavedLocations" name="test_locations_expose_on_me" time="0.442" /><testcase classname="tests.heatshield_backend_test.TestProfile" name="test_update_profile_onboarding" time="0.363" /><testcase classname="tests.heatshield_backend_test.TestRisk" name="test_risk_admin" time="1.728" /><testcase classname="tests.heatshield_backend_test.TestEmergencyAuth" name="test_contacts_crud_and_sos" time="0.500" /><testcase classname="tests.test_locations_and_push.TestAuthMeShape" name="test_admin_me_has_no_leaks" time="0.353" /><testcase classname="tests.heatshield_backend_test.TestAI" name="test_chat_streaming_singapore_advice" time="2.183" /><testcase classname="tests.heatshield_backend_test.TestAI" name="test_chat_history_persisted" time="0.391" /></testsuite></testsuites>