<?xml version="1.0" encoding="utf-8"?><testsuites name="pytest tests"><testsuite name="pytest" errors="0" failures="0" skipped="0" tests="44" time="11.914" timestamp="2026-08-09T11:59:19.693141+00:00" hostname="agent-env-3dcec719-bbe4-4705-9858-c08b777836f2"><testcase classname="tests.heatshield_backend_test.TestHealthAndNEA" name="test_root" time="0.124" /><testcase classname="tests.test_locations_and_push.TestWebPush" name="test_vapid_public_key" time="0.172" /><testcase classname="tests.heatshield_backend_test.TestHealthAndNEA" name="test_conditions_singapore" time="3.485" /><testcase classname="tests.test_locations_and_push.TestWebPush" name="test_subscribe_requires_auth" time="0.102" /><testcase classname="tests.test_locations_and_push.TestWebPush" name="test_test_push_requires_auth" time="0.090" /><testcase classname="tests.test_locations_and_push.TestWebPush" name="test_test_push_without_subscription_returns_400" time="0.387" /><testcase classname="tests.test_locations_and_push.TestWebPush" name="test_subscribe_then_test_and_unsubscribe" time="0.715" /><testcase classname="tests.test_locations_and_push.TestWebPush" name="test_threshold_update_and_persistence" time="0.631" /><testcase classname="tests.test_locations_and_push.TestWebPush" name="test_threshold_requires_auth" time="0.099" /><testcase classname="tests.heatshield_backend_test.TestAuth" name="test_me_unauthenticated" time="0.093" /><testcase classname="tests.heatshield_backend_test.TestAuth" name="test_login_wrong_password" time="0.344" /><testcase classname="tests.heatshield_backend_test.TestAuth" name="test_admin_login_and_me" time="0.382" /><testcase classname="tests.heatshield_backend_test.TestAuth" name="test_register_and_flow" time="0.505" /><testcase classname="tests.heatshield_backend_test.TestAuth" name="test_register_duplicate" time="0.409" /><testcase classname="tests.heatshield_backend_test.TestHealthAndNEA" name="test_map_wbgt" time="0.250" /><testcase classname="tests.heatshield_backend_test.TestHealthAndNEA" name="test_map_rainfall" time="0.096" /><testcase classname="tests.heatshield_backend_test.TestCooling" name="test_cooling_spots" time="0.093" /><testcase classname="tests.heatshield_backend_test.TestHealthAndNEA" name="test_forecast" time="0.819" /><testcase classname="tests.heatshield_backend_test.TestCooling" name="test_cooling_all" time="0.099" /><testcase classname="tests.heatshield_backend_test.TestCooling" name="test_cooling_route" time="0.092" /><testcase classname="tests.heatshield_backend_test.TestCooling" name="test_cooling_route_not_found" time="0.091" /><testcase classname="tests.test_quiet_hours_and_pwa.TestQuietHours" name="test_quiet_hours_requires_auth" time="0.087" /><testcase classname="tests.test_quiet_hours_and_pwa.TestQuietHours" name="test_quiet_hours_set_and_persist_on_me" time="0.679" /><testcase classname="tests.heatshield_backend_test.TestEmergencyPublic" name="test_symptom_list" time="0.151" /><testcase classname="tests.heatshield_backend_test.TestEmergencyPublic" name="test_symptom_check_heatstroke" time="0.140" /><testcase classname="tests.heatshield_backend_test.TestEmergencyPublic" name="test_symptom_check_exhaustion" time="0.111" /><testcase classname="tests.heatshield_backend_test.TestEmergencyPublic" name="test_checklists" time="0.255" /><testcase classname="tests.test_quiet_hours_and_pwa.TestQuietHours" name="test_quiet_hours_wraps_modulo_24" time="0.657" /><testcase classname="tests.heatshield_backend_test.TestAI" name="test_recommendations_real_llm" time="2.611" /><testcase classname="tests.test_quiet_hours_and_pwa.TestQuietHours" name="test_quiet_hours_invalid_payload" time="0.435" /><testcase classname="tests.test_locations_and_push.TestSavedLocations" name="test_locations_requires_auth" time="0.103" /><testcase classname="tests.test_locations_and_push.TestSavedLocations" name="test_locations_full_crud" time="0.670" /><testcase classname="tests.test_locations_and_push.TestSavedLocations" name="test_locations_expose_on_me" time="0.410" /><testcase classname="tests.test_quiet_hours_and_pwa.TestPWAAssets" name="test_manifest_json" time="0.100" /><testcase classname="tests.test_quiet_hours_and_pwa.TestPWAAssets" name="test_service_worker" time="0.099" /><testcase classname="tests.test_quiet_hours_and_pwa.TestPWAAssets" name="test_index_html_meta" time="0.091" /><testcase classname="tests.heatshield_backend_test.TestProfile" name="test_update_profile_onboarding" time="0.387" /><testcase classname="tests.heatshield_backend_test.TestAI" name="test_chat_streaming_singapore_advice" time="2.521" /><testcase classname="tests.heatshield_backend_test.TestRisk" name="test_risk_admin" time="0.590" /><testcase classname="tests.heatshield_backend_test.TestEmergencyAuth" name="test_contacts_crud_and_sos" time="0.611" /><testcase classname="tests.test_quiet_hours_and_pwa.TestCoolingFromAltLocation" name="test_cooling_spots_from_two_different_places" time="0.135" /><testcase classname="tests.test_quiet_hours_and_pwa.TestLocationsRegression" name="test_locations_crud_still_works" time="0.437" /><testcase classname="tests.heatshield_backend_test.TestAI" name="test_chat_history_persisted" time="0.378" /><testcase classname="tests.test_locations_and_push.TestAuthMeShape" name="test_admin_me_has_no_leaks" time="0.397" /></testsuite></testsuites>