<?xml version="1.0" encoding="utf-8"?><testsuites name="pytest tests"><testsuite name="pytest" errors="0" failures="0" skipped="0" tests="11" time="3.687" timestamp="2026-08-09T11:45:56.101524+00:00" hostname="agent-env-3dcec719-bbe4-4705-9858-c08b777836f2"><testcase classname="tests.test_locations_and_push.TestSavedLocations" name="test_locations_requires_auth" time="0.242" /><testcase classname="tests.test_locations_and_push.TestWebPush" name="test_vapid_public_key" time="0.246" /><testcase classname="tests.test_locations_and_push.TestWebPush" name="test_subscribe_requires_auth" time="0.349" /><testcase classname="tests.test_locations_and_push.TestSavedLocations" name="test_locations_full_crud" time="0.876" /><testcase classname="tests.test_locations_and_push.TestWebPush" name="test_test_push_requires_auth" time="0.163" /><testcase classname="tests.test_locations_and_push.TestWebPush" name="test_test_push_without_subscription_returns_400" time="0.448" /><testcase classname="tests.test_locations_and_push.TestSavedLocations" name="test_locations_expose_on_me" time="0.609" /><testcase classname="tests.test_locations_and_push.TestWebPush" name="test_subscribe_then_test_and_unsubscribe" time="0.988" /><testcase classname="tests.test_locations_and_push.TestAuthMeShape" name="test_admin_me_has_no_leaks" time="0.368" /><testcase classname="tests.test_locations_and_push.TestWebPush" name="test_threshold_update_and_persistence" time="0.803" /><testcase classname="tests.test_locations_and_push.TestWebPush" name="test_threshold_requires_auth" time="0.132" /></testsuite></testsuites>